2020-06-26T11:54:41.678Z - info: [ui] [AppStore] loading 2 repositories from store
2020-06-26T11:54:41.683Z - info: [ui] [AppStore] found account: addj-bbw (addj-bbw)
2020-06-26T11:54:42.842Z - info: [ui] Executing getAllTags: git show-ref --tags -d (took 1.201s)
2020-06-26T11:54:44.131Z - info: [ui] launching: 2.5.2 (Windows 10.0.19041)
2020-06-26T11:54:44.131Z - info: [ui] execPath: 'C:\Users\ldjek\AppData\Local\GitHubDesktop\app-2.5.2\GitHubDesktop.exe'
2020-06-26T11:54:45.055Z - info: [ui] Stats reported.
2020-06-26T11:54:46.050Z - info: [ui] Executing getConfigValueInPath: git config -z pull.rebase (took 1.093s)
2020-06-26T11:54:46.127Z - info: [ui] Executing getStashEntries: git log -g -z --pretty=%gD%x1F%H%x1F%gs refs/stash (took 1.190s)
2020-06-26T11:54:46.604Z - info: [ui] Executing installGlobalLFSFilter: git lfs install --skip-repo (took 2.518s)
2020-06-26T11:54:57.275Z - info: [ui] [AppStore.withAuthenticatingUser] account found for repository: echoserver - addj-bbw (has token)
2020-06-26T11:54:58.728Z - info: [ui] [Timing] Action 'checkout branch from list' for 'addj-bbw/echoserver' took 1.454s
2020-06-26T11:55:01.570Z - info: [ui] [AppStore.withAuthenticatingUser] account found for repository: echoserver - addj-bbw (has token)
2020-06-26T11:55:02.863Z - info: [ui] [Timing] Action 'checkout branch from list' for 'addj-bbw/echoserver' took 1.289s
2020-06-26T11:55:03.148Z - info: [ui] [AppStore.withAuthenticatingUser] account found for repository: echoserver - addj-bbw (has token)
2020-06-26T11:55:05.289Z - info: [ui] Executing fetch: git -c credential.helper= -c protocol.version=2 fetch --progress --prune origin (took 1.958s)
2020-06-26T11:56:43.196Z - info: [ui] Background fetch for 2 repositories took 1.287sec
2020-06-26T12:11:44.222Z - info: [ui] Background fetch for 2 repositories took 0.993sec
2020-06-26T12:22:07.361Z - info: [ui] [AppStore.withAuthenticatingUser] account found for repository: echoserver - addj-bbw (has token)
2020-06-26T12:22:08.812Z - info: [ui] Executing fetch: git -c credential.helper= -c protocol.version=2 fetch --progress --prune origin (took 1.380s)
2020-06-26T12:22:33.122Z - info: [ui] [AppStore.withAuthenticatingUser] account found for repository: echoserver - addj-bbw (has token)
2020-06-26T12:22:34.652Z - info: [ui] Executing pull: git -c credential.helper= -c protocol.version=2 pull --progress origin (took 1.374s)
2020-06-26T12:26:44.076Z - info: [ui] Background fetch for 2 repositories took 0.874sec
2020-06-26T12:28:33.581Z - info: [ui] [BranchPruner] Pruning 0 branches that have been merged into the default branch, master (caf9034bf7d8f7a628d060cb57c9d77ad183ed1f), from 'echoserver
2020-06-26T12:28:59.600Z - info: [ui] [AppStore.withAuthenticatingUser] account found for repository: echoserver - addj-bbw (has token)
2020-06-26T12:29:01.025Z - info: [ui] Executing fetch: git -c credential.helper= -c protocol.version=2 fetch --progress --prune origin (took 1.352s)
2020-06-26T12:34:08.307Z - info: [ui] Executing fetch: git -c credential.helper= -c protocol.version=2 fetch --progress --prune origin (took 1.493s)
2020-06-26T12:34:10.160Z - info: [ui] [BranchPruner] No branches to prune.
2020-06-26T12:34:46.391Z - info: [ui] [AppStore.withAuthenticatingUser] account found for repository: 5is18b-AdnanDjeka - addj-bbw (has token)
2020-06-26T12:34:46.872Z - info: [ui] [Timing] Action 'create branch' for 'addj-bbw/5is18b-AdnanDjeka' took 0.602s
2020-06-26T12:41:44.065Z - info: [ui] Background fetch for 2 repositories took 0.851sec
2020-06-26T12:53:44.593Z - info: [ui] [AppStore.getAccountForRemoteURL] account found for remote: https://github.com/addj-bbw/5is18b-M143_AF.git - addj-bbw (has token)
2020-06-26T12:53:47.573Z - info: [ui] Executing clone: git -c credential.helper= -c protocol.version=2 clone --recursive --progress -- https://github.com/addj-bbw/5is18b-M143_AF.git C:\Users\ldjek\Documents\GitHub\5is18b-M143_AF (took 2.890s)
2020-06-26T12:53:47.631Z - info: [ui] [AppStore] adding repository at C:\Users\ldjek\Documents\GitHub\5is18b-M143_AF to store
2020-06-26T12:53:47.754Z - info: [ui] [BranchPruner] Last prune took place in a day - skipping
2020-06-26T12:56:08.704Z - info: [ui] [AppStore.withAuthenticatingUser] account found for repository: 5is18b-M143_AF - addj-bbw (has token)
2020-06-26T12:56:10.134Z - info: [ui] Executing fetch: git -c credential.helper= -c protocol.version=2 fetch --progress --prune origin (took 1.359s)
2020-06-26T12:56:44.452Z - info: [ui] Background fetch for 3 repositories took 1.218sec
2020-06-26T12:57:20.428Z - info: [ui] [BranchPruner] No branches to prune.
2020-06-26T12:57:33.041Z - info: [main] opening in browser: https://github.com/addj-bbw/5is18b-M143_AF
2020-06-26T12:58:24.423Z - info: [ui] [AppStore.withAuthenticatingUser] account found for repository: 5is18b-M143_AF - addj-bbw (has token)
2020-06-26T12:58:25.857Z - info: [ui] Executing fetch: git -c credential.helper= -c protocol.version=2 fetch --progress --prune origin (took 1.362s)
2020-06-26T12:58:28.290Z - info: [ui] [AppStore.withAuthenticatingUser] account found for repository: 5is18b-M143_AF - addj-bbw (has token)
2020-06-26T12:58:29.778Z - info: [ui] Executing pull: git -c credential.helper= -c protocol.version=2 pull --progress origin (took 1.365s)
2020-06-26T13:03:30.020Z - info: [ui] [AppStore.withAuthenticatingUser] account found for repository: 5is18b-M143_AF - addj-bbw (has token)
2020-06-26T13:03:30.564Z - info: [ui] [Timing] Action 'create branch' for 'addj-bbw/5is18b-M143_AF' took 0.666s
2020-06-26T13:05:41.740Z - info: [ui] [Timing] Action 'create commit' for 'addj-bbw/5is18b-M143_AF' took 1.766s
2020-06-26T13:05:50.949Z - info: [ui] [AppStore.withAuthenticatingUser] account found for repository: 5is18b-M143_AF - addj-bbw (has token)
2020-06-26T13:05:55.356Z - info: [ui] Executing push: git -c credential.helper= -c protocol.version=2 push origin test --set-upstream --progress (took 4.309s)
2020-06-26T13:05:56.775Z - info: [ui] Executing fetch: git -c credential.helper= -c protocol.version=2 fetch --progress --prune origin (took 1.338s)
2020-06-26T13:06:04.162Z - info: [main] opening in browser: https://github.com/addj-bbw/5is18b-M143_AF/pull/new/test
2020-06-26T13:06:49.551Z - info: [ui] [AppStore.withAuthenticatingUser] account found for repository: 5is18b-M143_AF - addj-bbw (has token)
2020-06-26T13:06:50.164Z - info: [ui] [Timing] Action 'checkout branch from list' for 'addj-bbw/5is18b-M143_AF' took 0.613s
2020-06-26T13:07:04.717Z - info: [ui] [AppStore.withAuthenticatingUser] account found for repository: 5is18b-M143_AF - addj-bbw (has token)
2020-06-26T13:07:06.144Z - info: [ui] Executing fetch: git -c credential.helper= -c protocol.version=2 fetch --progress --prune origin (took 1.357s)
2020-06-26T13:07:08.878Z - info: [ui] [AppStore.withAuthenticatingUser] account found for repository: 5is18b-M143_AF - addj-bbw (has token)
2020-06-26T13:07:10.442Z - info: [ui] Executing pull: git -c credential.helper= -c protocol.version=2 pull --progress origin (took 1.429s)
2020-06-26T13:11:44.426Z - info: [ui] Background fetch for 3 repositories took 1.189sec
2020-06-26T13:14:03.250Z - info: [ui] [AppStore.withAuthenticatingUser] account found for repository: 5is18b-M143_AF - addj-bbw (has token)
2020-06-26T13:14:04.656Z - info: [ui] Executing fetch: git -c credential.helper= -c protocol.version=2 fetch --progress --prune origin (took 1.326s)
2020-06-26T13:14:26.148Z - info: [ui] [AppStore.withAuthenticatingUser] account found for repository: 5is18b-M143_AF - addj-bbw (has token)
2020-06-26T13:14:27.533Z - info: [ui] Executing fetch: git -c credential.helper= -c protocol.version=2 fetch --progress --prune origin (took 1.315s)
2020-06-26T13:16:09.800Z - info: [ui] [AppStore.withAuthenticatingUser] account found for repository: 5is18b-M143_AF - addj-bbw (has token)
2020-06-26T13:16:11.468Z - info: [ui] Executing fetch: git -c credential.helper= -c protocol.version=2 fetch --progress --prune origin (took 1.601s)
2020-06-26T13:16:13.305Z - info: [ui] [AppStore.withAuthenticatingUser] account found for repository: 5is18b-M143_AF - addj-bbw (has token)
2020-06-26T13:16:14.983Z - info: [ui] Executing pull: git -c credential.helper= -c protocol.version=2 pull --progress origin (took 1.538s)
2020-06-26T13:26:44.341Z - info: [ui] Background fetch for 3 repositories took 1.135sec
2020-06-26T13:31:05.817Z - info: [ui] [Timing] Action 'create branch' for 'addj-bbw/5is18b-M143_AF' took 0.179s
2020-06-26T13:31:18.403Z - info: [ui] [AppStore.withAuthenticatingUser] account found for repository: 5is18b-M143_AF - addj-bbw (has token)
2020-06-26T13:31:19.207Z - info: [ui] [Timing] Action 'stash and checkout' for 'addj-bbw/5is18b-M143_AF' took 1.201s
2020-06-26T13:31:24.866Z - info: [ui] [AppStore.withAuthenticatingUser] account found for repository: 5is18b-M143_AF - addj-bbw (has token)
2020-06-26T13:31:29.251Z - info: [ui] Executing push: git -c credential.helper= -c protocol.version=2 push origin mitglied2 --set-upstream --progress (took 4.306s)
2020-06-26T13:31:30.793Z - info: [ui] Executing fetch: git -c credential.helper= -c protocol.version=2 fetch --progress --prune origin (took 1.391s)
2020-06-26T13:31:33.141Z - info: [main] opening in browser: https://github.com/addj-bbw/5is18b-M143_AF/pull/new/mitglied2
2020-06-26T13:31:50.511Z - info: [ui] [AppStore.withAuthenticatingUser] account found for repository: 5is18b-M143_AF - addj-bbw (has token)
2020-06-26T13:31:51.329Z - info: [ui] [Timing] Action 'checkout branch from list' for 'addj-bbw/5is18b-M143_AF' took 0.813s
2020-06-26T13:33:06.722Z - info: [ui] [AppStore. _dropStashEntry] dropped stash with commit id 477bba99a054e439e8223063285f2bd3ec630459
2020-06-26T13:36:55.011Z - info: [ui] [AppStore.withAuthenticatingUser] account found for repository: 5is18b-M143_AF - addj-bbw (has token)
2020-06-26T13:36:56.482Z - info: [ui] Executing fetch: git -c credential.helper= -c protocol.version=2 fetch --progress --prune origin (took 1.391s)
2020-06-26T13:37:11.916Z - info: [ui] [AppStore.withAuthenticatingUser] account found for repository: 5is18b-M143_AF - addj-bbw (has token)
2020-06-26T13:37:12.708Z - info: [ui] [Timing] Action 'create branch' for 'addj-bbw/5is18b-M143_AF' took 0.903s
2020-06-26T13:37:14.990Z - info: [ui] [AppStore.withAuthenticatingUser] account found for repository: 5is18b-M143_AF - addj-bbw (has token)
2020-06-26T13:37:19.364Z - info: [ui] Executing push: git -c credential.helper= -c protocol.version=2 push origin test3 --set-upstream --progress (took 4.297s)
2020-06-26T13:37:20.984Z - info: [ui] Executing fetch: git -c credential.helper= -c protocol.version=2 fetch --progress --prune origin (took 1.389s)
2020-06-26T13:38:47.784Z - info: [ui] [Timing] Action 'create commit' for 'addj-bbw/5is18b-M143_AF' took 1.414s
2020-06-26T13:38:51.860Z - info: [ui] [AppStore.withAuthenticatingUser] account found for repository: 5is18b-M143_AF - addj-bbw (has token)
2020-06-26T13:38:56.234Z - info: [ui] Executing push: git -c credential.helper= -c protocol.version=2 push origin test3:test3 --progress (took 4.302s)
2020-06-26T13:38:57.649Z - info: [ui] Executing fetch: git -c credential.helper= -c protocol.version=2 fetch --progress --prune origin (took 1.320s)
2020-06-26T13:39:01.434Z - info: [main] opening in browser: https://github.com/addj-bbw/5is18b-M143_AF/pull/new/test3
2020-06-26T13:41:44.262Z - info: [ui] Background fetch for 3 repositories took 1.032sec
2020-06-26T13:56:44.709Z - info: [ui] Background fetch for 3 repositories took 1.502sec
2020-06-26T14:02:00.785Z - info: [ui] [AppStore.withAuthenticatingUser] account found for repository: 5is18b-M143_AF - addj-bbw (has token)
2020-06-26T14:02:02.316Z - info: [ui] Executing fetch: git -c credential.helper= -c protocol.version=2 fetch --progress --prune origin (took 1.457s)
2020-06-26T14:02:05.713Z - info: [ui] [AppStore.withAuthenticatingUser] account found for repository: 5is18b-M143_AF - addj-bbw (has token)
2020-06-26T14:02:06.515Z - info: [ui] [AppStore.withAuthenticatingUser] account found for repository: 5is18b-M143_AF - addj-bbw (has token)
2020-06-26T14:02:06.627Z - info: [ui] [Timing] Action 'checkout branch from list' for 'addj-bbw/5is18b-M143_AF' took 0.913s
2020-06-26T14:02:08.104Z - info: [ui] Executing fetch: git -c credential.helper= -c protocol.version=2 fetch --progress --prune origin (took 1.420s)
2020-06-26T14:02:09.447Z - info: [ui] [AppStore.withAuthenticatingUser] account found for repository: 5is18b-M143_AF - addj-bbw (has token)
2020-06-26T14:02:10.818Z - info: [ui] Executing fetch: git -c credential.helper= -c protocol.version=2 fetch --progress --prune origin (took 1.301s)
2020-06-26T14:07:15.706Z - info: [ui] [AppStore.withAuthenticatingUser] account found for repository: 5is18b-M143_AF - addj-bbw (has token)
2020-06-26T14:07:17.267Z - info: [ui] Executing fetch: git -c credential.helper= -c protocol.version=2 fetch --progress --prune origin (took 1.485s)
2020-06-26T14:07:19.128Z - info: [ui] [AppStore.withAuthenticatingUser] account found for repository: 5is18b-M143_AF - addj-bbw (has token)
2020-06-26T14:07:20.648Z - info: [ui] Executing pull: git -c credential.helper= -c protocol.version=2 pull --progress origin (took 1.395s)
2020-06-26T14:10:05.536Z - info: [ui] [AppStore.withAuthenticatingUser] account found for repository: 5is18b-M143_AF - addj-bbw (has token)
2020-06-26T14:10:07.258Z - info: [ui] Executing fetch: git -c credential.helper= -c protocol.version=2 fetch --progress --prune origin (took 1.616s)
2020-06-26T14:10:09.256Z - info: [ui] [AppStore.withAuthenticatingUser] account found for repository: 5is18b-M143_AF - addj-bbw (has token)
2020-06-26T14:10:10.900Z - info: [ui] Executing pull: git -c credential.helper= -c protocol.version=2 pull --progress origin (took 1.518s)
2020-06-26T14:11:44.775Z - info: [ui] Background fetch for 3 repositories took 1.161sec
2020-06-26T14:26:44.384Z - info: [ui] Background fetch for 3 repositories took 1.181sec
